<?xml version="1.0" encoding="UTF-8"?>
<testsuite xmlns:xsi="http://www.w3.org/2001/XMLSchema-instance" xsi:noNamespaceSchemaLocation="https://maven.apache.org/surefire/maven-surefire-plugin/xsd/surefire-test-report-3.0.xsd" version="3.0" name="AuthIntegrationTest" time="68.013" tests="2" errors="0" skipped="0" failures="0">
  <properties>
[...]
</properties>
  <testcase name="shouldGetOkWithValidToken" classname="AuthIntegrationTest" time="63.712">
    <system-out><![CDATA[Received token: eyJhbGciOiJIUzI1NiJ9.eyJzdWIiOiJ0ZXN0dXNlckB0ZXN0LmNvbSIsInJvbGUiOiJBRE1JTiIsImlhdCI6MTc3MzY1NTIyNCwiZXhwIjoxNzczNjU4ODI0fQ.AwNt7NHP_4DBknMll4pMXytYFmBVrUzcTYj7BdquXmk
]]></system-out>
  </testcase>
  <testcase name="shouldReturnUnauthorizeOnInvalidLogin" classname="AuthIntegrationTest" time="2.834"/>
</testsuite>